<?xml version="1.0" encoding="UTF-8"?>
<!-- Generated by org.testng.reporters.JUnitXMLReporter -->
<testsuite ignored="0" hostname="DESKTOP-E9GOOQI" failures="0" tests="3" name="Default test" time="32.35" errors="0" timestamp="23 Jan 2023 18:48:54 GMT">
  <testcase classname="com.acti.tests.LoginPageTests" name="testLoginPageTitle" time="9.51"/>
  <testcase classname="com.acti.tests.LoginPageTests" name="testActiLogodisplayed" time="7.776"/>
  <testcase classname="com.acti.tests.LoginPageTests" name="testLoginFunction" time="15.02"/>
</testsuite> <!-- Default test -->
