<?xml version="1.0" encoding="UTF-8"?>
<!-- Generated by org.testng.reporters.JUnitXMLReporter -->
<testsuite ignored="1" hostname="DESKTOP-E9GOOQI" failures="0" tests="1" name="Default test" time="26.653" errors="0" timestamp="25 Jan 2023 04:10:21 GMT">
  <testcase classname="com.acti.tests.TaskPageTests" name="testDeleteCustomer" time="16.237"/>
  <testcase classname="com.acti.tests.TaskPageTests" name="testCreateCustomer" time="0.0">
    <ignored/>
  </testcase> <!-- testCreateCustomer -->
</testsuite> <!-- Default test -->
