<?xml version="1.0" encoding="UTF-8"?>
<!-- Generated by org.testng.reporters.JUnitXMLReporter -->
<testsuite ignored="1" hostname="DESKTOP-E9GOOQI" failures="0" tests="1" name="Test" time="16.813" errors="0" timestamp="25 Jan 2023 02:00:35 GMT">
  <testcase classname="com.acti.tests.TaskPageTests" name="testCreateCustomer" time="7.952"/>
  <testcase classname="com.acti.tests.BaseTest" name="@BeforeSuite setupReport" time="0.0">
    <ignored/>
  </testcase> <!-- @BeforeSuite setupReport -->
</testsuite> <!-- Test -->
