<?xml version="1.0" encoding="UTF-8"?>
<testng-results ignored="0" total="3" passed="3" failed="0" skipped="0">
  <reporter-output>
  </reporter-output>
  <suite started-at="2023-01-23T19:10:58Z" name="Suite" finished-at="2023-01-23T19:11:32Z" duration-ms="34154">
    <groups>
    </groups>
    <test started-at="2023-01-23T19:10:58Z" name="Test" finished-at="2023-01-23T19:11:32Z" duration-ms="34154">
      <class name="com.acti.tests.LoginPageTests">
        <test-method is-config="true" signature="Setup()[pri:0, instance:com.acti.tests.LoginPageTests@6f63b475]" started-at="2023-01-23T19:10:58Z" name="Setup" finished-at="2023-01-23T19:11:08Z" duration-ms="9696" status="PASS">
          <reporter-output>
          </reporter-output>
        </test-method> <!-- Setup -->
        <test-method signature="testLoginPageTitle()[pri:1, instance:com.acti.tests.LoginPageTests@6f63b475]" started-at="2023-01-23T19:11:08Z" name="testLoginPageTitle" finished-at="2023-01-23T19:11:08Z" duration-ms="43" status="PASS">
          <reporter-output>
          </reporter-output>
        </test-method> <!-- testLoginPageTitle -->
        <test-method is-config="true" signature="tearDown()[pri:0, instance:com.acti.tests.LoginPageTests@6f63b475]" started-at="2023-01-23T19:11:08Z" name="tearDown" finished-at="2023-01-23T19:11:09Z" duration-ms="649" status="PASS">
          <reporter-output>
          </reporter-output>
        </test-method> <!-- tearDown -->
        <test-method is-config="true" signature="Setup()[pri:0, instance:com.acti.tests.LoginPageTests@6f63b475]" started-at="2023-01-23T19:11:09Z" name="Setup" finished-at="2023-01-23T19:11:17Z" duration-ms="7953" status="PASS">
          <reporter-output>
          </reporter-output>
        </test-method> <!-- Setup -->
        <test-method signature="testActiLogodisplayed()[pri:2, instance:com.acti.tests.LoginPageTests@6f63b475]" started-at="2023-01-23T19:11:17Z" name="testActiLogodisplayed" finished-at="2023-01-23T19:11:17Z" duration-ms="419" status="PASS">
          <reporter-output>
          </reporter-output>
        </test-method> <!-- testActiLogodisplayed -->
        <test-method is-config="true" signature="tearDown()[pri:0, instance:com.acti.tests.LoginPageTests@6f63b475]" started-at="2023-01-23T19:11:17Z" name="tearDown" finished-at="2023-01-23T19:11:18Z" duration-ms="505" status="PASS">
          <reporter-output>
          </reporter-output>
        </test-method> <!-- tearDown -->
        <test-method is-config="true" signature="Setup()[pri:0, instance:com.acti.tests.LoginPageTests@6f63b475]" started-at="2023-01-23T19:11:18Z" name="Setup" finished-at="2023-01-23T19:11:26Z" duration-ms="8219" status="PASS">
          <reporter-output>
          </reporter-output>
        </test-method> <!-- Setup -->
        <test-method signature="testLoginFunction()[pri:3, instance:com.acti.tests.LoginPageTests@6f63b475]" started-at="2023-01-23T19:11:26Z" name="testLoginFunction" finished-at="2023-01-23T19:11:32Z" duration-ms="6407" status="PASS">
          <reporter-output>
          </reporter-output>
        </test-method> <!-- testLoginFunction -->
        <test-method is-config="true" signature="tearDown()[pri:0, instance:com.acti.tests.LoginPageTests@6f63b475]" started-at="2023-01-23T19:11:32Z" name="tearDown" finished-at="2023-01-23T19:11:32Z" duration-ms="206" status="PASS">
          <reporter-output>
          </reporter-output>
        </test-method> <!-- tearDown -->
      </class> <!-- com.acti.tests.LoginPageTests -->
    </test> <!-- Test -->
  </suite> <!-- Suite -->
</testng-results>
