<?xml version="1.0" encoding="UTF-8"?>
<testng-results ignored="1" total="2" passed="1" failed="0" skipped="0">
  <reporter-output>
  </reporter-output>
  <suite started-at="2023-01-25T04:09:54Z" name="Default suite" finished-at="2023-01-25T04:10:21Z" duration-ms="26653">
    <groups>
    </groups>
    <test started-at="2023-01-25T04:09:54Z" name="Default test" finished-at="2023-01-25T04:10:21Z" duration-ms="26653">
      <class name="com.acti.tests.TaskPageTests">
        <test-method is-config="true" signature="setupReport()[pri:0, instance:com.acti.tests.TaskPageTests@68df9280]" started-at="2023-01-25T04:09:54Z" name="setupReport" finished-at="2023-01-25T04:09:54Z" duration-ms="365" status="PASS">
          <reporter-output>
          </reporter-output>
        </test-method> <!-- setupReport -->
        <test-method is-config="true" signature="Setup()[pri:0, instance:com.acti.tests.TaskPageTests@68df9280]" started-at="2023-01-25T04:09:54Z" name="Setup" finished-at="2023-01-25T04:10:04Z" duration-ms="9196" status="PASS">
          <reporter-output>
          </reporter-output>
        </test-method> <!-- Setup -->
        <test-method signature="testDeleteCustomer()[pri:2, instance:com.acti.tests.TaskPageTests@68df9280]" started-at="2023-01-25T04:10:04Z" name="testDeleteCustomer" finished-at="2023-01-25T04:10:20Z" duration-ms="16237" status="PASS">
          <reporter-output>
          </reporter-output>
        </test-method> <!-- testDeleteCustomer -->
        <test-method is-config="true" signature="tearDown()[pri:0, instance:com.acti.tests.TaskPageTests@68df9280]" started-at="2023-01-25T04:10:20Z" name="tearDown" finished-at="2023-01-25T04:10:21Z" duration-ms="1175" status="PASS">
          <reporter-output>
          </reporter-output>
        </test-method> <!-- tearDown -->
      </class> <!-- com.acti.tests.TaskPageTests -->
    </test> <!-- Default test -->
  </suite> <!-- Default suite -->
</testng-results>
